cp -f /rcu2/linux-cortexm-1.12.0-dev/linux/initramfs-list-min.stub \
		/rcu2/linux-cortexm-1.12.0-dev/linux/initramfs-list-min
rm -f /rcu2/linux-cortexm-1.12.0-dev/linux/usr/initramfs_data.cpio \
		/rcu2/linux-cortexm-1.12.0-dev/linux/usr/initramfs_data.cpio.gz
cp -f linux4feeserver_dhcp.kernel.M2S /rcu2/linux-cortexm-1.12.0-dev/linux/.config
make -C /rcu2/linux-cortexm-1.12.0-dev/linux vmlinux
make[1]: Entering directory `/rcu2/linux-cortexm-1.12.0-dev/linux'
  HOSTCC  scripts/basic/fixdep
  HOSTCC  scripts/basic/docproc
  HOSTCC  scripts/basic/hash
  HOSTCC  scripts/kconfig/conf.o
  HOSTCC  scripts/kconfig/kxgettext.o
  HOSTCC  scripts/kconfig/zconf.tab.o
  HOSTLD  scripts/kconfig/conf
scripts/kconfig/conf -s arch/arm/Kconfig
make[1]: Leaving directory `/rcu2/linux-cortexm-1.12.0-dev/linux'
make[1]: Entering directory `/rcu2/linux-cortexm-1.12.0-dev/linux'
  CHK     include/linux/version.h
  CHK     include/generated/utsrelease.h
make[2]: `include/generated/mach-types.h' is up to date.
  CC      kernel/bounds.s
  GEN     include/generated/bounds.h
  CC      arch/arm/kernel/asm-offsets.s
  GEN     include/generated/asm-offsets.h
  CALL    scripts/checksyscalls.sh
<stdin>:46: warning: "__IGNORE_migrate_pages" redefined
/rcu2/linux-cortexm-1.12.0-dev/linux/arch/arm/include/asm/unistd.h:474: note: this is the location of the previous definition
  CC      scripts/mod/empty.o
  HOSTCC  scripts/mod/mk_elfconfig
  MKELF   scripts/mod/elfconfig.h
  HOSTCC  scripts/mod/file2alias.o
  HOSTCC  scripts/mod/modpost.o
  HOSTCC  scripts/mod/sumversion.o
  HOSTLD  scripts/mod/modpost
  CC      init/main.o
  CHK     include/generated/compile.h
  CC      init/version.o
  CC      init/do_mounts.o
  CC      init/do_mounts_initrd.o
  LD      init/mounts.o
  CC      init/initramfs.o
  CC      init/calibrate.o
  LD      init/built-in.o
  HOSTCC  usr/gen_init_cpio
  GEN     usr/initramfs_data.cpio
  AS      usr/initramfs_data.o
  LD      usr/built-in.o
  CC      arch/arm/kernel/compat.o
  CC      arch/arm/kernel/elf.o
  AS      arch/arm/kernel/entry-common.o
  CC      arch/arm/kernel/irq.o
  CC      arch/arm/kernel/process.o
arch/arm/kernel/process.c: In function '__show_regs':
arch/arm/kernel/process.c:253: warning: format '%08lx' expects type 'long unsigned int', but argument 2 has type 'int'
  CC      arch/arm/kernel/ptrace.o
  CC      arch/arm/kernel/return_address.o
  CC      arch/arm/kernel/setup.o
  CC      arch/arm/kernel/signal.o
  CC      arch/arm/kernel/sys_arm.o
  CC      arch/arm/kernel/stacktrace.o
  CC      arch/arm/kernel/time.o
  CC      arch/arm/kernel/traps.o
arch/arm/kernel/traps.c: In function 'arm_syscall':
arch/arm/kernel/traps.c:581: warning: comparison of distinct pointer types lacks a cast
arch/arm/kernel/traps.c:584: warning: comparison of distinct pointer types lacks a cast
  AS      arch/arm/kernel/entry-v7m.o
  CC      arch/arm/kernel/traps-v7m.o
  CC      arch/arm/kernel/armksyms.o
  CC      arch/arm/kernel/module.o
  CC      arch/arm/kernel/vfp-m.o
  CC      arch/arm/kernel/io.o
arch/arm/kernel/io.c: In function '_memcpy_fromiow':
arch/arm/kernel/io.c:24: warning: initialization discards qualifiers from pointer target type
arch/arm/kernel/io.c: In function '_memcpy_fromiol':
arch/arm/kernel/io.c:38: warning: initialization discards qualifiers from pointer target type
  AS      arch/arm/kernel/debug.o
  LD      arch/arm/kernel/built-in.o
  AS      arch/arm/kernel/head-nommu.o
  CC      arch/arm/kernel/init_task.o
  LDS     arch/arm/kernel/vmlinux.lds
  CC      arch/arm/mm/dma-mapping.o
  CC      arch/arm/mm/extable.o
  CC      arch/arm/mm/fault.o
  CC      arch/arm/mm/init.o
arch/arm/mm/init.c: In function 'mem_init':
arch/arm/mm/init.c:669: warning: format '%08lx' expects type 'long unsigned int', but argument 8 has type 'int'
arch/arm/mm/init.c:669: warning: format '%08lx' expects type 'long unsigned int', but argument 15 has type 'int'
  CC      arch/arm/mm/iomap.o
  CC      arch/arm/mm/nommu.o
  CC      arch/arm/mm/proc-syms.o
  AS      arch/arm/mm/abort-nommu.o
  AS      arch/arm/mm/pabort-legacy.o
  AS      arch/arm/mm/proc-v7m.o
  LD      arch/arm/mm/built-in.o
  CC      arch/arm/common/nvic.o
  CC      arch/arm/common/clkdev.o
  CC      arch/arm/common/cortexm3.o
  LD      arch/arm/common/built-in.o
  CC      arch/arm/mach-m2s/m2s_platform.o
  CC      arch/arm/mach-m2s/timer.o
  CC      arch/arm/mach-m2s/clock.o
  CC      arch/arm/mach-m2s/iomux.o
  CC      arch/arm/mach-m2s/reboot.o
  CC      arch/arm/mach-m2s/uart.o
  CC      arch/arm/mach-m2s/spi.o
  CC      arch/arm/mach-m2s/eth.o
  CC      arch/arm/mach-m2s/i2c.o
  CC      arch/arm/mach-m2s/gpio.o
  LD      arch/arm/mach-m2s/built-in.o
  CC      kernel/sched.o
kernel/sched.c: In function 'wake_up_new_task':
kernel/sched.c:2656: warning: unused variable 'cpu'
  CC      kernel/fork.o
  CC      kernel/exec_domain.o
  CC      kernel/panic.o
  CC      kernel/printk.o
  CC      kernel/cpu.o
  CC      kernel/exit.o
  CC      kernel/itimer.o
  TIMEC   kernel/timeconst.h
  CC      kernel/time.o
  CC      kernel/softirq.o
  CC      kernel/resource.o
  CC      kernel/sysctl.o
  CC      kernel/sysctl_binary.o
  CC      kernel/capability.o
  CC      kernel/ptrace.o
  CC      kernel/timer.o
  CC      kernel/user.o
  CC      kernel/signal.o
  CC      kernel/sys.o
  CC      kernel/kmod.o
  CC      kernel/workqueue.o
  CC      kernel/pid.o
  CC      kernel/rcupdate.o
  CC      kernel/extable.o
  CC      kernel/params.o
  CC      kernel/posix-timers.o
  CC      kernel/kthread.o
  CC      kernel/wait.o
  CC      kernel/kfifo.o
  CC      kernel/sys_ni.o
  CC      kernel/posix-cpu-timers.o
  CC      kernel/mutex.o
  CC      kernel/hrtimer.o
  CC      kernel/rwsem.o
  CC      kernel/nsproxy.o
  CC      kernel/srcu.o
  CC      kernel/semaphore.o
  CC      kernel/notifier.o
  CC      kernel/ksysfs.o
  CC      kernel/pm_qos_params.o
  CC      kernel/sched_clock.o
  CC      kernel/cred.o
  CC      kernel/async.o
  CC      kernel/groups.o
  CC      kernel/irq/handle.o
  CC      kernel/irq/manage.o
  CC      kernel/irq/spurious.o
  CC      kernel/irq/resend.o
  CC      kernel/irq/chip.o
  CC      kernel/irq/devres.o
  CC      kernel/irq/autoprobe.o
  CC      kernel/irq/proc.o
  LD      kernel/irq/built-in.o
  CC      kernel/time/timekeeping.o
  CC      kernel/time/ntp.o
  CC      kernel/time/clocksource.o
  CC      kernel/time/jiffies.o
  CC      kernel/time/timer_list.o
  CC      kernel/time/timecompare.o
  CC      kernel/time/timeconv.o
  CC      kernel/time/clockevents.o
  CC      kernel/time/tick-common.o
  LD      kernel/time/built-in.o
  CC      kernel/futex.o
  CC      kernel/rtmutex.o
  CC      kernel/up.o
  CC      kernel/module.o
  CC      kernel/rcutree.o
  CC      kernel/utsname_sysctl.o
  LD      kernel/built-in.o
  CC      mm/bootmem.o
  CC      mm/filemap.o
  CC      mm/mempool.o
  CC      mm/oom_kill.o
  CC      mm/fadvise.o
  CC      mm/maccess.o
  CC      mm/page_alloc.o
  CC      mm/page-writeback.o
  CC      mm/readahead.o
  CC      mm/swap.o
  CC      mm/truncate.o
  CC      mm/vmscan.o
  CC      mm/shmem.o
  CC      mm/prio_tree.o
  CC      mm/util.o
  CC      mm/mmzone.o
  CC      mm/vmstat.o
  CC      mm/backing-dev.o
  CC      mm/page_isolation.o
  CC      mm/mm_init.o
  CC      mm/mmu_context.o
  CC      mm/nommu.o
  CC      mm/init-mm.o
  CC      mm/dmapool.o
  CC      mm/slab.o
  LD      mm/built-in.o
  CC      fs/open.o
  CC      fs/read_write.o
fs/read_write.c: In function 'rw_copy_check_uvector':
fs/read_write.c:592: warning: unused variable 'buf'
  CC      fs/file_table.o
  CC      fs/super.o
  CC      fs/char_dev.o
  CC      fs/stat.o
  CC      fs/exec.o
  CC      fs/pipe.o
  CC      fs/namei.o
  CC      fs/fcntl.o
  CC      fs/ioctl.o
  CC      fs/readdir.o
  CC      fs/select.o
  CC      fs/fifo.o
  CC      fs/dcache.o
  CC      fs/inode.o
  CC      fs/attr.o
  CC      fs/bad_inode.o
  CC      fs/file.o
  CC      fs/filesystems.o
  CC      fs/namespace.o
  CC      fs/seq_file.o
  CC      fs/xattr.o
  CC      fs/libfs.o
  CC      fs/fs-writeback.o
  CC      fs/pnode.o
  CC      fs/drop_caches.o
  CC      fs/splice.o
  CC      fs/sync.o
  CC      fs/utimes.o
  CC      fs/stack.o
  CC      fs/fs_struct.o
  CC      fs/no-block.o
  CC      fs/devpts/inode.o
  LD      fs/devpts/devpts.o
  LD      fs/devpts/built-in.o
  CC      fs/lockd/clntlock.o
  CC      fs/lockd/clntproc.o
  CC      fs/lockd/host.o
  CC      fs/lockd/svc.o
  CC      fs/lockd/svclock.o
  CC      fs/lockd/svcshare.o
  CC      fs/lockd/svcproc.o
  CC      fs/lockd/svcsubs.o
  CC      fs/lockd/mon.o
  CC      fs/lockd/xdr.o
  CC      fs/lockd/grace.o
  CC      fs/lockd/xdr4.o
  CC      fs/lockd/svc4proc.o
  LD      fs/lockd/lockd.o
  LD      fs/lockd/built-in.o
  CC      fs/nfs/client.o
  CC      fs/nfs/dir.o
  CC      fs/nfs/file.o
  CC      fs/nfs/getroot.o
  CC      fs/nfs/inode.o
  CC      fs/nfs/super.o
  CC      fs/nfs/nfs2xdr.o
  CC      fs/nfs/direct.o
  CC      fs/nfs/pagelist.o
  CC      fs/nfs/proc.o
  CC      fs/nfs/read.o
  CC      fs/nfs/symlink.o
  CC      fs/nfs/unlink.o
  CC      fs/nfs/write.o
  CC      fs/nfs/namespace.o
  CC      fs/nfs/mount_clnt.o
  CC      fs/nfs/dns_resolve.o
  CC      fs/nfs/cache_lib.o
  CC      fs/nfs/nfs3proc.o
  CC      fs/nfs/nfs3xdr.o
  CC      fs/nfs/sysctl.o
  LD      fs/nfs/nfs.o
  LD      fs/nfs/built-in.o
  LD      fs/nfs_common/built-in.o
  LD      fs/notify/dnotify/built-in.o
  LD      fs/notify/inotify/built-in.o
  LD      fs/notify/built-in.o
  LD      fs/partitions/built-in.o
  CC      fs/proc/nommu.o
  CC      fs/proc/task_nommu.o
  CC      fs/proc/inode.o
  CC      fs/proc/root.o
  CC      fs/proc/base.o
  CC      fs/proc/generic.o
  CC      fs/proc/array.o
  CC      fs/proc/proc_tty.o
  CC      fs/proc/cmdline.o
  CC      fs/proc/cpuinfo.o
  CC      fs/proc/devices.o
  CC      fs/proc/interrupts.o
  CC      fs/proc/loadavg.o
  CC      fs/proc/meminfo.o
  CC      fs/proc/stat.o
  CC      fs/proc/uptime.o
  CC      fs/proc/version.o
  CC      fs/proc/softirqs.o
  CC      fs/proc/proc_sysctl.o
  CC      fs/proc/proc_net.o
  CC      fs/proc/kmsg.o
  LD      fs/proc/proc.o
  LD      fs/proc/built-in.o
  LD      fs/quota/built-in.o
  CC      fs/ramfs/inode.o
  CC      fs/ramfs/file-nommu.o
  LD      fs/ramfs/ramfs.o
  LD      fs/ramfs/built-in.o
  CC      fs/sysfs/inode.o
  CC      fs/sysfs/file.o
  CC      fs/sysfs/dir.o
  CC      fs/sysfs/symlink.o
  CC      fs/sysfs/mount.o
  CC      fs/sysfs/bin.o
  CC      fs/sysfs/group.o
  LD      fs/sysfs/built-in.o
  CC      fs/locks.o
  CC      fs/binfmt_script.o
  CC      fs/binfmt_flat.o
fs/binfmt_flat.c: In function 'load_flat_file':
fs/binfmt_flat.c:762: warning: unused variable 'persistent'
  LD      fs/built-in.o
  LD      ipc/built-in.o
  CC      security/commoncap.o
  LD      security/built-in.o
  LD      crypto/built-in.o
  LD      block/built-in.o
  LD      drivers/auxdisplay/built-in.o
  CC      drivers/base/core.o
  CC      drivers/base/sys.o
  CC      drivers/base/bus.o
  CC      drivers/base/dd.o
  CC      drivers/base/driver.o
  CC      drivers/base/class.o
  CC      drivers/base/platform.o
  CC      drivers/base/cpu.o
  CC      drivers/base/firmware.o
  CC      drivers/base/init.o
  CC      drivers/base/map.o
  CC      drivers/base/devres.o
  CC      drivers/base/attribute_container.o
  CC      drivers/base/transport_class.o
  LD      drivers/base/power/built-in.o
  CC      drivers/base/dma-mapping.o
  CC      drivers/base/dma-coherent.o
  CC      drivers/base/module.o
  LD      drivers/base/built-in.o
  LD      drivers/block/built-in.o
  LD      drivers/cdrom/built-in.o
  CC      drivers/char/mem.o
  CC      drivers/char/random.o
  CC      drivers/char/tty_io.o
  CC      drivers/char/n_tty.o
  CC      drivers/char/tty_ioctl.o
  CC      drivers/char/tty_ldisc.o
  CC      drivers/char/tty_buffer.o
  CC      drivers/char/tty_port.o
  CC      drivers/char/pty.o
  CC      drivers/char/misc.o
  LD      drivers/char/built-in.o
  LD      drivers/clocksource/built-in.o
  LD      drivers/firmware/built-in.o
  CC      drivers/gpio/gpiolib.o
  LD      drivers/gpio/built-in.o
  LD      drivers/gpu/drm/i2c/built-in.o
  LD      drivers/gpu/drm/built-in.o
  LD      drivers/gpu/vga/built-in.o
  LD      drivers/gpu/built-in.o
  CC      drivers/i2c/i2c-boardinfo.o
  CC      drivers/i2c/i2c-core.o
  CC      drivers/i2c/i2c-dev.o
  LD      drivers/i2c/algos/built-in.o
  CC      drivers/i2c/busses/i2c-a2f.o
  LD      drivers/i2c/busses/built-in.o
  LD      drivers/i2c/chips/built-in.o
  LD      drivers/i2c/built-in.o
  LD      drivers/idle/built-in.o
  LD      drivers/ieee1394/built-in.o
  LD      drivers/ieee802154/built-in.o
  CC      drivers/input/input.o
  CC      drivers/input/input-compat.o
  CC      drivers/input/ff-core.o
  LD      drivers/input/input-core.o
  LD      drivers/input/built-in.o
  LD      drivers/lguest/built-in.o
  LD      drivers/macintosh/built-in.o
  LD      drivers/media/IR/built-in.o
  LD      drivers/media/common/tuners/built-in.o
  LD      drivers/media/common/built-in.o
  LD      drivers/media/video/built-in.o
  LD      drivers/media/built-in.o
  LD      drivers/mfd/built-in.o
  LD      drivers/misc/cb710/built-in.o
  LD      drivers/misc/eeprom/built-in.o
  LD      drivers/misc/built-in.o
  CC      drivers/mtd/mtdcore.o
  CC      drivers/mtd/mtdsuper.o
  CC      drivers/mtd/mtdbdi.o
  CC      drivers/mtd/mtdpart.o
  LD      drivers/mtd/mtd.o
  CC      drivers/mtd/mtdconcat.o
  CC      drivers/mtd/cmdlinepart.o
  CC      drivers/mtd/mtdchar.o
  CC      drivers/mtd/chips/chipreg.o
  LD      drivers/mtd/chips/built-in.o
  CC      drivers/mtd/devices/m25p80.o
  LD      drivers/mtd/devices/built-in.o
  LD      drivers/mtd/lpddr/built-in.o
  LD      drivers/mtd/maps/built-in.o
  LD      drivers/mtd/nand/built-in.o
  LD      drivers/mtd/onenand/built-in.o
  LD      drivers/mtd/tests/built-in.o
  LD      drivers/mtd/built-in.o
  CC      drivers/net/mii.o
  CC      drivers/net/arm/m2s_eth.o
  LD      drivers/net/arm/built-in.o
  CC      drivers/net/phy/phy.o
  CC      drivers/net/phy/phy_device.o
  CC      drivers/net/phy/mdio_bus.o
  LD      drivers/net/phy/libphy.o
  CC      drivers/net/phy/marvell.o
  LD      drivers/net/phy/built-in.o
  LD      drivers/net/wireless/built-in.o
  CC      drivers/net/Space.o
  CC      drivers/net/loopback.o
  LD      drivers/net/built-in.o
  LD      drivers/platform/built-in.o
  CC      drivers/rtc/rtc-lib.o
  LD      drivers/rtc/built-in.o
  CC      drivers/serial/serial_core.o
  CC      drivers/serial/8250.o
  CC      drivers/serial/8250_early.o
  LD      drivers/serial/built-in.o
  CC      drivers/spi/spi.o
  CC      drivers/spi/spi_m2s.o
  LD      drivers/spi/built-in.o
  CC      drivers/video/fb_notify.o
  LD      drivers/video/backlight/built-in.o
  LD      drivers/video/display/built-in.o
  LD      drivers/video/omap2/displays/built-in.o
  LD      drivers/video/omap2/dss/built-in.o
  LD      drivers/video/omap2/omapfb/built-in.o
  LD      drivers/video/omap2/built-in.o
  LD      drivers/video/built-in.o
  LD      drivers/built-in.o
  LD      sound/built-in.o
  LD      firmware/built-in.o
  CC      net/socket.o
  LD      net/802/built-in.o
  CC      net/core/sock.o
  CC      net/core/request_sock.o
  CC      net/core/skbuff.o
  CC      net/core/iovec.o
  CC      net/core/datagram.o
  CC      net/core/stream.o
  CC      net/core/scm.o
  CC      net/core/gen_stats.o
  CC      net/core/gen_estimator.o
  CC      net/core/net_namespace.o
  CC      net/core/sysctl_net_core.o
  CC      net/core/dev.o
  CC      net/core/ethtool.o
  CC      net/core/dev_mcast.o
  CC      net/core/dst.o
  CC      net/core/netevent.o
  CC      net/core/neighbour.o
  CC      net/core/rtnetlink.o
  CC      net/core/utils.o
  CC      net/core/link_watch.o
  CC      net/core/filter.o
  CC      net/core/net-sysfs.o
  LD      net/core/built-in.o
  CC      net/ethernet/eth.o
  LD      net/ethernet/built-in.o
  LD      net/ieee802154/built-in.o
  CC      net/ipv4/route.o
  CC      net/ipv4/inetpeer.o
  CC      net/ipv4/protocol.o
  CC      net/ipv4/ip_input.o
  CC      net/ipv4/ip_fragment.o
  CC      net/ipv4/ip_forward.o
  CC      net/ipv4/ip_options.o
  CC      net/ipv4/ip_output.o
  CC      net/ipv4/ip_sockglue.o
  CC      net/ipv4/inet_hashtables.o
  CC      net/ipv4/inet_timewait_sock.o
  CC      net/ipv4/inet_connection_sock.o
  CC      net/ipv4/tcp.o
  CC      net/ipv4/tcp_input.o
  CC      net/ipv4/tcp_output.o
  CC      net/ipv4/tcp_timer.o
  CC      net/ipv4/tcp_ipv4.o
  CC      net/ipv4/tcp_minisocks.o
  CC      net/ipv4/tcp_cong.o
  CC      net/ipv4/datagram.o
  CC      net/ipv4/raw.o
  CC      net/ipv4/udp.o
  CC      net/ipv4/udplite.o
  CC      net/ipv4/arp.o
  CC      net/ipv4/icmp.o
  CC      net/ipv4/devinet.o
  CC      net/ipv4/af_inet.o
  CC      net/ipv4/igmp.o
  CC      net/ipv4/fib_frontend.o
  CC      net/ipv4/fib_semantics.o
  CC      net/ipv4/inet_fragment.o
  CC      net/ipv4/sysctl_net_ipv4.o
  CC      net/ipv4/fib_hash.o
  CC      net/ipv4/proc.o
  CC      net/ipv4/ipconfig.o
  CC      net/ipv4/tcp_cubic.o
  LD      net/ipv4/built-in.o
  CC      net/netlink/af_netlink.o
  CC      net/netlink/genetlink.o
  LD      net/netlink/built-in.o
  CC      net/packet/af_packet.o
  LD      net/packet/built-in.o
  CC      net/sched/sch_generic.o
  CC      net/sched/sch_mq.o
  LD      net/sched/built-in.o
  CC      net/sunrpc/clnt.o
  CC      net/sunrpc/xprt.o
  CC      net/sunrpc/socklib.o
  CC      net/sunrpc/xprtsock.o
  CC      net/sunrpc/sched.o
  CC      net/sunrpc/auth.o
  CC      net/sunrpc/auth_null.o
  CC      net/sunrpc/auth_unix.o
  CC      net/sunrpc/auth_generic.o
  CC      net/sunrpc/svc.o
  CC      net/sunrpc/svcsock.o
  CC      net/sunrpc/svcauth.o
  CC      net/sunrpc/svcauth_unix.o
  CC      net/sunrpc/addr.o
  CC      net/sunrpc/rpcb_clnt.o
  CC      net/sunrpc/timer.o
  CC      net/sunrpc/xdr.o
  CC      net/sunrpc/sunrpc_syms.o
  CC      net/sunrpc/cache.o
  CC      net/sunrpc/rpc_pipe.o
  CC      net/sunrpc/svc_xprt.o
  CC      net/sunrpc/stats.o
  CC      net/sunrpc/sysctl.o
  LD      net/sunrpc/sunrpc.o
  LD      net/sunrpc/built-in.o
  LD      net/wireless/built-in.o
  CC      net/sysctl_net.o
  LD      net/built-in.o
  LD      arch/arm/lib/built-in.o
  AS      arch/arm/lib/ashldi3.o
  AS      arch/arm/lib/ashrdi3.o
  AS      arch/arm/lib/backtrace.o
  AS      arch/arm/lib/changebit.o
  AS      arch/arm/lib/clearbit.o
  AS      arch/arm/lib/csumipv6.o
  AS      arch/arm/lib/csumpartial.o
  AS      arch/arm/lib/csumpartialcopy.o
  AS      arch/arm/lib/csumpartialcopyuser.o
  AS      arch/arm/lib/delay.o
  AS      arch/arm/lib/div64.o
  AS      arch/arm/lib/findbit.o
  AS      arch/arm/lib/io-readsb.o
  AS      arch/arm/lib/io-readsl.o
  AS      arch/arm/lib/io-readsw-armv4.o
  AS      arch/arm/lib/io-writesb.o
  AS      arch/arm/lib/io-writesl.o
  AS      arch/arm/lib/io-writesw-armv4.o
  AS      arch/arm/lib/lib1funcs.o
  AS      arch/arm/lib/lshrdi3.o
  AS      arch/arm/lib/memchr.o
  AS      arch/arm/lib/memcpy.o
  AS      arch/arm/lib/memmove.o
  AS      arch/arm/lib/memset.o
  AS      arch/arm/lib/memzero.o
  AS      arch/arm/lib/muldi3.o
  AS      arch/arm/lib/setbit.o
  AS      arch/arm/lib/sha1.o
  AS      arch/arm/lib/strchr.o
  AS      arch/arm/lib/strncpy_from_user.o
  AS      arch/arm/lib/strnlen_user.o
  AS      arch/arm/lib/strrchr.o
  AS      arch/arm/lib/testchangebit.o
  AS      arch/arm/lib/testclearbit.o
  AS      arch/arm/lib/testsetbit.o
  AS      arch/arm/lib/ucmpdi2.o
  AR      arch/arm/lib/lib.a
  CC      lib/bcd.o
  CC      lib/div64.o
  CC      lib/sort.o
  CC      lib/parser.o
  CC      lib/halfmd4.o
  CC      lib/debug_locks.o
  CC      lib/random32.o
  CC      lib/bust_spinlocks.o
  CC      lib/hexdump.o
  CC      lib/kasprintf.o
  CC      lib/bitmap.o
  CC      lib/scatterlist.o
  CC      lib/string_helpers.o
  CC      lib/gcd.o
  CC      lib/list_sort.o
  CC      lib/iomap_copy.o
  CC      lib/devres.o
  CC      lib/find_last_bit.o
  CC      lib/hweight.o
  CC      lib/bitrev.o
  HOSTCC  lib/gen_crc32table
  GEN     lib/crc32table.h
  CC      lib/crc32.o
  CC      lib/zlib_inflate/inffast.o
  CC      lib/zlib_inflate/inflate.o
  CC      lib/zlib_inflate/infutil.o
  CC      lib/zlib_inflate/inftrees.o
  CC      lib/zlib_inflate/inflate_syms.o
  LD      lib/zlib_inflate/zlib_inflate.o
  LD      lib/zlib_inflate/built-in.o
  CC      lib/nlattr.o
  CC      lib/atomic64.o
  LD      lib/built-in.o
  CC      lib/argv_split.o
  CC      lib/cmdline.o
  CC      lib/ctype.o
  CC      lib/dec_and_lock.o
  CC      lib/decompress.o
  CC      lib/decompress_inflate.o
  CC      lib/dump_stack.o
  CC      lib/extable.o
  CC      lib/flex_array.o
  CC      lib/idr.o
  CC      lib/int_sqrt.o
  CC      lib/irq_regs.o
  CC      lib/is_single_threaded.o
  CC      lib/klist.o
  CC      lib/kobject.o
  CC      lib/kref.o
  CC      lib/plist.o
  CC      lib/prio_heap.o
  CC      lib/prio_tree.o
  CC      lib/proportions.o
  CC      lib/radix-tree.o
  CC      lib/ratelimit.o
  CC      lib/rbtree.o
  CC      lib/reciprocal_div.o
  CC      lib/rwsem-spinlock.o
  CC      lib/sha1.o
  CC      lib/show_mem.o
  CC      lib/string.o
  CC      lib/vsprintf.o
  AR      lib/lib.a
  LD      vmlinux.o
  MODPOST vmlinux.o
WARNING: modpost: Found 1 section mismatch(es).
To see full details build your kernel with:
'make CONFIG_DEBUG_SECTION_MISMATCH=y'
  GEN     .version
  CHK     include/generated/compile.h
  UPD     include/generated/compile.h
  CC      init/version.o
  LD      init/built-in.o
  LD      vmlinux
  SYSMAP  System.map
make[1]: Leaving directory `/rcu2/linux-cortexm-1.12.0-dev/linux'
make -C /rcu2/linux-cortexm-1.12.0-dev/linux modules
make[1]: Entering directory `/rcu2/linux-cortexm-1.12.0-dev/linux'
  CHK     include/linux/version.h
  CHK     include/generated/utsrelease.h
make[2]: `include/generated/mach-types.h' is up to date.
  CALL    scripts/checksyscalls.sh
<stdin>:46: warning: "__IGNORE_migrate_pages" redefined
/rcu2/linux-cortexm-1.12.0-dev/linux/arch/arm/include/asm/unistd.h:474: note: this is the location of the previous definition
  Building modules, stage 2.
  MODPOST 0 modules
make[1]: Leaving directory `/rcu2/linux-cortexm-1.12.0-dev/linux'
CFLAGS="-Os -mcpu=cortex-m3 -mthumb -I/rcu2/linux-cortexm-1.12.0-dev/A2F/root/usr/include" LDFLAGS="-mcpu=cortex-m3 -mthumb -L/rcu2/linux-cortexm-1.12.0-dev/A2F/root/usr/lib" make -C app all
make[1]: Entering directory `/rcu2/linux-cortexm-1.12.0-dev/projects/linux4feeserver_dhcp/app'
arm-uclinuxeabi-gcc -Os -mcpu=cortex-m3 -mthumb  -mcpu=cortex-m3 -mthumb  app.c   -o app
make -C /rcu2/linux-cortexm-1.12.0-dev/linux M=`pwd` modules CFLAGS="" LDFLAGS=""
make[2]: Entering directory `/rcu2/linux-cortexm-1.12.0-dev/linux'
  CC [M]  /rcu2/linux-cortexm-1.12.0-dev/projects/linux4feeserver_dhcp/app/sample.o
  Building modules, stage 2.
  MODPOST 1 modules
  CC      /rcu2/linux-cortexm-1.12.0-dev/projects/linux4feeserver_dhcp/app/sample.mod.o
  LD [M]  /rcu2/linux-cortexm-1.12.0-dev/projects/linux4feeserver_dhcp/app/sample.ko
make[2]: Leaving directory `/rcu2/linux-cortexm-1.12.0-dev/linux'
make[1]: Leaving directory `/rcu2/linux-cortexm-1.12.0-dev/projects/linux4feeserver_dhcp/app'
cp -f linux4feeserver_dhcp.busybox /rcu2/linux-cortexm-1.12.0-dev/A2F/busybox/.config
make -C /rcu2/linux-cortexm-1.12.0-dev/A2F/busybox
make[1]: Entering directory `/rcu2/linux-cortexm-1.12.0-dev/A2F/busybox'
  HOSTCC  scripts/basic/fixdep
  HOSTCC  scripts/basic/split-include
  HOSTCC  scripts/basic/docproc
  HOSTCC  scripts/kconfig/conf.o
  HOSTCC  scripts/kconfig/kxgettext.o
  HOSTCC  scripts/kconfig/mconf.o
  HOSTCC  scripts/kconfig/zconf.tab.o
  HOSTLD  scripts/kconfig/conf
scripts/kconfig/conf -s Config.in
#
# using defaults found in .config
#
  SPLIT   include/autoconf.h -> include/config/*
  GEN     include/bbconfigopts.h
  HOSTCC  applets/usage
  GEN     include/usage_compressed.h
  HOSTCC  applets/applet_tables
  GEN     include/applet_tables.h
  CC      applets/applets.o
  LD      applets/built-in.o
  HOSTCC  applets/usage_pod
  GEN     include/usage_compressed.h
  LD      archival/built-in.o
  AR      archival/lib.a
  LD      archival/libunarchive/built-in.o
  AR      archival/libunarchive/lib.a
  LD      console-tools/built-in.o
  AR      console-tools/lib.a
  LD      coreutils/built-in.o
  CC      coreutils/cat.o
  CC      coreutils/chmod.o
  CC      coreutils/chown.o
  CC      coreutils/cp.o
  CC      coreutils/date.o
  CC      coreutils/dd.o
  CC      coreutils/echo.o
  CC      coreutils/env.o
  CC      coreutils/ln.o
  CC      coreutils/ls.o
  CC      coreutils/mkdir.o
  CC      coreutils/mknod.o
  CC      coreutils/mv.o
  CC      coreutils/printenv.o
  CC      coreutils/pwd.o
  CC      coreutils/rm.o
  CC      coreutils/sleep.o
  CC      coreutils/test.o
  CC      coreutils/test_ptr_hack.o
  CC      coreutils/uudecode.o
  CC      coreutils/uuencode.o
  CC      coreutils/wc.o
  AR      coreutils/lib.a
  LD      coreutils/libcoreutils/built-in.o
  CC      coreutils/libcoreutils/cp_mv_stat.o
  CC      coreutils/libcoreutils/getopt_mk_fifo_nod.o
  AR      coreutils/libcoreutils/lib.a
  LD      debianutils/built-in.o
  AR      debianutils/lib.a
  LD      e2fsprogs/built-in.o
  AR      e2fsprogs/lib.a
  LD      editors/built-in.o
  CC      editors/vi.o
  AR      editors/lib.a
  LD      findutils/built-in.o
  AR      findutils/lib.a
  LD      init/built-in.o
  CC      init/halt.o
  CC      init/init.o
  AR      init/lib.a
  LD      libbb/built-in.o
  CC      libbb/appletlib.o
  CC      libbb/ask_confirmation.o
  CC      libbb/bb_askpass.o
  CC      libbb/bb_basename.o
  CC      libbb/bb_do_delay.o
  CC      libbb/bb_pwd.o
  CC      libbb/bb_qsort.o
  CC      libbb/bb_strtonum.o
  CC      libbb/change_identity.o
  CC      libbb/chomp.o
  CC      libbb/compare_string_array.o
  CC      libbb/concat_path_file.o
  CC      libbb/concat_subpath_file.o
  CC      libbb/copy_file.o
  CC      libbb/copyfd.o
  CC      libbb/correct_password.o
  CC      libbb/crc32.o
  CC      libbb/create_icmp6_socket.o
  CC      libbb/create_icmp_socket.o
  CC      libbb/default_error_retval.o
  CC      libbb/device_open.o
  CC      libbb/dump.o
  CC      libbb/execable.o
  CC      libbb/fclose_nonstdin.o
  CC      libbb/fflush_stdout_and_exit.o
  CC      libbb/fgets_str.o
  CC      libbb/find_mount_point.o
  CC      libbb/find_pid_by_name.o
  CC      libbb/find_root_device.o
  CC      libbb/full_write.o
  CC      libbb/get_console.o
  CC      libbb/get_last_path_component.o
  CC      libbb/get_line_from_file.o
  CC      libbb/get_volsize.o
  CC      libbb/getopt32.o
  CC      libbb/getpty.o
  CC      libbb/herror_msg.o
  CC      libbb/human_readable.o
  CC      libbb/inet_common.o
  CC      libbb/info_msg.o
  CC      libbb/inode_hash.o
  CC      libbb/isdirectory.o
  CC      libbb/kernel_version.o
  CC      libbb/last_char_is.o
  CC      libbb/lineedit.o
  CC      libbb/lineedit_ptr_hack.o
  CC      libbb/llist.o
  CC      libbb/login.o
  CC      libbb/make_directory.o
  CC      libbb/makedev.o
  CC      libbb/match_fstype.o
  CC      libbb/md5.o
  CC      libbb/messages.o
  CC      libbb/mode_string.o
  CC      libbb/mtab_file.o
  CC      libbb/obscure.o
  CC      libbb/parse_config.o
  CC      libbb/parse_mode.o
  CC      libbb/perror_msg.o
  CC      libbb/perror_nomsg.o
  CC      libbb/perror_nomsg_and_die.o
  CC      libbb/pidfile.o
  CC      libbb/platform.o
  CC      libbb/print_flags.o
  CC      libbb/printable.o
  CC      libbb/printable_string.o
  CC      libbb/process_escape_sequence.o
  CC      libbb/procps.o
  CC      libbb/progress.o
  CC      libbb/ptr_to_globals.o
  CC      libbb/pw_encrypt.o
  CC      libbb/read.o
  CC      libbb/read_key.o
  CC      libbb/read_printf.o
  CC      libbb/recursive_action.o
  CC      libbb/remove_file.o
  CC      libbb/run_shell.o
  CC      libbb/safe_gethostname.o
  CC      libbb/safe_poll.o
  CC      libbb/safe_strncpy.o
  CC      libbb/safe_write.o
  CC      libbb/setup_environment.o
  CC      libbb/sha1.o
  CC      libbb/signals.o
  CC      libbb/simplify_path.o
  CC      libbb/single_argv.o
  CC      libbb/skip_whitespace.o
  CC      libbb/speed_table.o
  CC      libbb/str_tolower.o
  CC      libbb/strrstr.o
  CC      libbb/time.o
  CC      libbb/trim.o
  CC      libbb/u_signal_names.o
  CC      libbb/udp_io.o
libbb/udp_io.c: In function 'send_to_from':
libbb/udp_io.c:99: warning: dereferencing pointer 'cmsgptr' does break strict-aliasing rules
libbb/udp_io.c:75: warning: dereferencing pointer 'cmsgptr' does break strict-aliasing rules
libbb/udp_io.c:77: warning: dereferencing pointer 'cmsgptr' does break strict-aliasing rules
libbb/udp_io.c:76: warning: dereferencing pointer 'cmsgptr' does break strict-aliasing rules
libbb/udp_io.c:72: note: initialized from here
  CC      libbb/uuencode.o
  CC      libbb/vdprintf.o
  CC      libbb/verror_msg.o
  CC      libbb/vfork_daemon_rexec.o
  CC      libbb/warn_ignoring_args.o
  CC      libbb/wfopen.o
  CC      libbb/wfopen_input.o
  CC      libbb/write.o
  CC      libbb/xatonum.o
  CC      libbb/xconnect.o
  CC      libbb/xfunc_die.o
  CC      libbb/xfuncs.o
  CC      libbb/xfuncs_printf.o
  CC      libbb/xgetcwd.o
  CC      libbb/xgethostbyname.o
  CC      libbb/xreadlink.o
  CC      libbb/xrealloc_vector.o
  CC      libbb/xregcomp.o
  AR      libbb/lib.a
  LD      libpwdgrp/built-in.o
  CC      libpwdgrp/uidgid_get.o
  AR      libpwdgrp/lib.a
  LD      loginutils/built-in.o
  CC      loginutils/login.o
  AR      loginutils/lib.a
  LD      mailutils/built-in.o
  AR      mailutils/lib.a
  LD      miscutils/built-in.o
  AR      miscutils/lib.a
  LD      modutils/built-in.o
  CC      modutils/depmod.o
  CC      modutils/insmod.o
  CC      modutils/lsmod.o
  CC      modutils/modinfo.o
  CC      modutils/modprobe.o
  CC      modutils/modutils.o
  CC      modutils/rmmod.o
  AR      modutils/lib.a
  LD      networking/built-in.o
  CC      networking/ftpgetput.o
  CC      networking/hostname.o
  CC      networking/httpd.o
  CC      networking/ifconfig.o
  CC      networking/interface.o
  CC      networking/netstat.o
  CC      networking/nslookup.o
  CC      networking/ntpd.o
  CC      networking/ping.o
  CC      networking/route.o
networking/route.c: In function 'INET_setroute':
networking/route.c:181: warning: dereferencing pointer '({anonymous})' does break strict-aliasing rules
networking/route.c:181: note: initialized from here
networking/route.c:323: warning: dereferencing pointer '({anonymous})' does break strict-aliasing rules
networking/route.c:323: note: initialized from here
  CC      networking/telnet.o
  CC      networking/telnetd.o
  CC      networking/tftp.o
  CC      networking/traceroute.o
networking/traceroute.c: In function 'print':
networking/traceroute.c:755: warning: dereferencing type-punned pointer will break strict-aliasing rules
  CC      networking/wget.o
  AR      networking/lib.a
  LD      networking/libiproute/built-in.o
  AR      networking/libiproute/lib.a
  LD      networking/udhcp/built-in.o
  CC      networking/udhcp/arpping.o
  CC      networking/udhcp/common.o
  CC      networking/udhcp/dhcpc.o
  CC      networking/udhcp/domain_codec.o
  CC      networking/udhcp/packet.o
  CC      networking/udhcp/signalpipe.o
  CC      networking/udhcp/socket.o
networking/udhcp/socket.c: In function 'udhcp_read_interface':
networking/udhcp/socket.c:57: warning: dereferencing pointer 'our_ip' does break strict-aliasing rules
networking/udhcp/socket.c:55: note: initialized from here
  AR      networking/udhcp/lib.a
  LD      printutils/built-in.o
  AR      printutils/lib.a
  LD      procps/built-in.o
  CC      procps/kill.o
  CC      procps/ps.o
  CC      procps/top.o
procps/top.c:107: warning: dereferencing type-punned pointer will break strict-aliasing rules
procps/top.c: In function 'mult_lvl_cmp':
procps/top.c:176: warning: dereferencing type-punned pointer will break strict-aliasing rules
procps/top.c: In function 'read_cpu_jiffy':
procps/top.c:192: warning: dereferencing type-punned pointer will break strict-aliasing rules
procps/top.c:192: warning: dereferencing type-punned pointer will break strict-aliasing rules
procps/top.c:194: warning: dereferencing type-punned pointer will break strict-aliasing rules
procps/top.c: In function 'get_jiffy_counts':
procps/top.c:214: warning: dereferencing type-punned pointer will break strict-aliasing rules
procps/top.c:214: warning: dereferencing type-punned pointer will break strict-aliasing rules
procps/top.c:215: warning: dereferencing type-punned pointer will break strict-aliasing rules
procps/top.c:222: warning: dereferencing type-punned pointer will break strict-aliasing rules
procps/top.c:227: warning: dereferencing type-punned pointer will break strict-aliasing rules
procps/top.c:232: warning: dereferencing type-punned pointer will break strict-aliasing rules
procps/top.c:232: warning: dereferencing type-punned pointer will break strict-aliasing rules
procps/top.c:232: warning: dereferencing type-punned pointer will break strict-aliasing rules
procps/top.c:232: warning: dereferencing type-punned pointer will break strict-aliasing rules
procps/top.c:233: warning: dereferencing type-punned pointer will break strict-aliasing rules
procps/top.c:233: warning: dereferencing type-punned pointer will break strict-aliasing rules
procps/top.c:235: warning: dereferencing type-punned pointer will break strict-aliasing rules
procps/top.c:237: warning: dereferencing type-punned pointer will break strict-aliasing rules
procps/top.c:238: warning: dereferencing type-punned pointer will break strict-aliasing rules
procps/top.c:240: warning: dereferencing type-punned pointer will break strict-aliasing rules
procps/top.c:240: warning: dereferencing type-punned pointer will break strict-aliasing rules
procps/top.c:240: warning: dereferencing type-punned pointer will break strict-aliasing rules
procps/top.c:249: warning: dereferencing type-punned pointer will break strict-aliasing rules
procps/top.c:250: warning: dereferencing type-punned pointer will break strict-aliasing rules
procps/top.c:250: warning: dereferencing type-punned pointer will break strict-aliasing rules
procps/top.c:251: warning: dereferencing type-punned pointer will break strict-aliasing rules
procps/top.c:254: warning: dereferencing type-punned pointer will break strict-aliasing rules
procps/top.c:255: warning: dereferencing type-punned pointer will break strict-aliasing rules
procps/top.c: In function 'do_stats':
procps/top.c:269: warning: dereferencing type-punned pointer will break strict-aliasing rules
procps/top.c:271: warning: dereferencing type-punned pointer will break strict-aliasing rules
procps/top.c:277: warning: dereferencing type-punned pointer will break strict-aliasing rules
procps/top.c:278: warning: dereferencing type-punned pointer will break strict-aliasing rules
procps/top.c:293: warning: dereferencing type-punned pointer will break strict-aliasing rules
procps/top.c:294: warning: dereferencing type-punned pointer will break strict-aliasing rules
procps/top.c:295: warning: dereferencing type-punned pointer will break strict-aliasing rules
procps/top.c:296: warning: dereferencing type-punned pointer will break strict-aliasing rules
procps/top.c:299: warning: dereferencing type-punned pointer will break strict-aliasing rules
procps/top.c:308: warning: dereferencing type-punned pointer will break strict-aliasing rules
procps/top.c:309: warning: dereferencing type-punned pointer will break strict-aliasing rules
procps/top.c:310: warning: dereferencing type-punned pointer will break strict-aliasing rules
procps/top.c:310: warning: dereferencing type-punned pointer will break strict-aliasing rules
procps/top.c: In function 'display_cpus':
procps/top.c:376: warning: dereferencing type-punned pointer will break strict-aliasing rules
procps/top.c:376: warning: dereferencing type-punned pointer will break strict-aliasing rules
procps/top.c:381: warning: dereferencing type-punned pointer will break strict-aliasing rules
procps/top.c:382: warning: dereferencing type-punned pointer will break strict-aliasing rules
procps/top.c:400: warning: dereferencing type-punned pointer will break strict-aliasing rules
procps/top.c: In function 'display_process_list':
procps/top.c:551: warning: dereferencing type-punned pointer will break strict-aliasing rules
procps/top.c:551: warning: dereferencing type-punned pointer will break strict-aliasing rules
procps/top.c:554: warning: dereferencing type-punned pointer will break strict-aliasing rules
procps/top.c:554: warning: dereferencing type-punned pointer will break strict-aliasing rules
procps/top.c:572: warning: dereferencing type-punned pointer will break strict-aliasing rules
procps/top.c:572: warning: dereferencing type-punned pointer will break strict-aliasing rules
procps/top.c:572: warning: dereferencing type-punned pointer will break strict-aliasing rules
procps/top.c:586: warning: dereferencing type-punned pointer will break strict-aliasing rules
procps/top.c:587: warning: dereferencing type-punned pointer will break strict-aliasing rules
procps/top.c:588: warning: dereferencing type-punned pointer will break strict-aliasing rules
procps/top.c:601: warning: dereferencing type-punned pointer will break strict-aliasing rules
procps/top.c:613: warning: dereferencing type-punned pointer will break strict-aliasing rules
procps/top.c:614: warning: dereferencing type-punned pointer will break strict-aliasing rules
procps/top.c: In function 'clearmems':
procps/top.c:631: warning: dereferencing type-punned pointer will break strict-aliasing rules
procps/top.c:632: warning: dereferencing type-punned pointer will break strict-aliasing rules
procps/top.c:633: warning: dereferencing type-punned pointer will break strict-aliasing rules
procps/top.c: In function 'reset_term':
procps/top.c:640: warning: dereferencing type-punned pointer will break strict-aliasing rules
procps/top.c:644: warning: dereferencing type-punned pointer will break strict-aliasing rules
procps/top.c: In function 'topmem_sort':
procps/top.c:686: warning: dereferencing type-punned pointer will break strict-aliasing rules
procps/top.c:696: warning: dereferencing type-punned pointer will break strict-aliasing rules
procps/top.c: In function 'display_topmem_header':
procps/top.c:747: warning: dereferencing type-punned pointer will break strict-aliasing rules
procps/top.c:750: warning: dereferencing type-punned pointer will break strict-aliasing rules
procps/top.c:752: warning: dereferencing type-punned pointer will break strict-aliasing rules
procps/top.c:755: warning: dereferencing type-punned pointer will break strict-aliasing rules
procps/top.c:757: warning: dereferencing type-punned pointer will break strict-aliasing rules
procps/top.c:760: warning: dereferencing type-punned pointer will break strict-aliasing rules
procps/top.c: In function 'display_topmem_process_list':
procps/top.c:776: warning: dereferencing type-punned pointer will break strict-aliasing rules
procps/top.c:779: warning: dereferencing type-punned pointer will break strict-aliasing rules
procps/top.c:780: warning: dereferencing type-punned pointer will break strict-aliasing rules
procps/top.c:780: warning: dereferencing type-punned pointer will break strict-aliasing rules
procps/top.c:781: warning: dereferencing type-punned pointer will break strict-aliasing rules
procps/top.c:784: warning: dereferencing type-punned pointer will break strict-aliasing rules
procps/top.c:785: warning: dereferencing type-punned pointer will break strict-aliasing rules
procps/top.c:788: warning: dereferencing type-punned pointer will break strict-aliasing rules
procps/top.c:789: warning: dereferencing type-punned pointer will break strict-aliasing rules
procps/top.c:790: warning: dereferencing type-punned pointer will break strict-aliasing rules
procps/top.c:791: warning: dereferencing type-punned pointer will break strict-aliasing rules
procps/top.c:792: warning: dereferencing type-punned pointer will break strict-aliasing rules
procps/top.c:793: warning: dereferencing type-punned pointer will break strict-aliasing rules
procps/top.c:794: warning: dereferencing type-punned pointer will break strict-aliasing rules
procps/top.c:795: warning: dereferencing type-punned pointer will break strict-aliasing rules
procps/top.c:796: warning: dereferencing type-punned pointer will break strict-aliasing rules
procps/top.c:798: warning: dereferencing type-punned pointer will break strict-aliasing rules
procps/top.c:800: warning: dereferencing type-punned pointer will break strict-aliasing rules
procps/top.c: In function 'top_main':
procps/top.c:860: warning: dereferencing type-punned pointer will break strict-aliasing rules
procps/top.c:860: warning: dereferencing type-punned pointer will break strict-aliasing rules
procps/top.c:861: warning: dereferencing type-punned pointer will break strict-aliasing rules
procps/top.c:861: warning: dereferencing type-punned pointer will break strict-aliasing rules
procps/top.c:888: warning: dereferencing type-punned pointer will break strict-aliasing rules
procps/top.c:889: warning: dereferencing type-punned pointer will break strict-aliasing rules
procps/top.c:898: warning: dereferencing type-punned pointer will break strict-aliasing rules
procps/top.c:899: warning: dereferencing type-punned pointer will break strict-aliasing rules
procps/top.c:900: warning: dereferencing type-punned pointer will break strict-aliasing rules
procps/top.c:928: warning: dereferencing type-punned pointer will break strict-aliasing rules
procps/top.c:929: warning: dereferencing type-punned pointer will break strict-aliasing rules
procps/top.c:929: warning: dereferencing type-punned pointer will break strict-aliasing rules
procps/top.c:929: warning: dereferencing type-punned pointer will break strict-aliasing rules
procps/top.c:929: warning: dereferencing type-punned pointer will break strict-aliasing rules
procps/top.c:930: warning: dereferencing type-punned pointer will break strict-aliasing rules
procps/top.c:931: warning: dereferencing type-punned pointer will break strict-aliasing rules
procps/top.c:932: warning: dereferencing type-punned pointer will break strict-aliasing rules
procps/top.c:934: warning: dereferencing type-punned pointer will break strict-aliasing rules
procps/top.c:936: warning: dereferencing type-punned pointer will break strict-aliasing rules
procps/top.c:937: warning: dereferencing type-punned pointer will break strict-aliasing rules
procps/top.c:938: warning: dereferencing type-punned pointer will break strict-aliasing rules
procps/top.c:940: warning: dereferencing type-punned pointer will break strict-aliasing rules
procps/top.c:947: warning: dereferencing type-punned pointer will break strict-aliasing rules
procps/top.c:949: warning: dereferencing type-punned pointer will break strict-aliasing rules
procps/top.c:949: warning: dereferencing type-punned pointer will break strict-aliasing rules
procps/top.c:949: warning: dereferencing type-punned pointer will break strict-aliasing rules
procps/top.c:949: warning: dereferencing type-punned pointer will break strict-aliasing rules
procps/top.c:950: warning: dereferencing type-punned pointer will break strict-aliasing rules
procps/top.c:951: warning: dereferencing type-punned pointer will break strict-aliasing rules
procps/top.c:952: warning: dereferencing type-punned pointer will break strict-aliasing rules
procps/top.c:953: warning: dereferencing type-punned pointer will break strict-aliasing rules
procps/top.c:954: warning: dereferencing type-punned pointer will break strict-aliasing rules
procps/top.c:955: warning: dereferencing type-punned pointer will break strict-aliasing rules
procps/top.c:955: warning: dereferencing type-punned pointer will break strict-aliasing rules
procps/top.c:956: warning: dereferencing type-punned pointer will break strict-aliasing rules
procps/top.c:957: warning: dereferencing type-punned pointer will break strict-aliasing rules
procps/top.c:958: warning: dereferencing type-punned pointer will break strict-aliasing rules
procps/top.c:962: warning: dereferencing type-punned pointer will break strict-aliasing rules
procps/top.c:969: warning: dereferencing type-punned pointer will break strict-aliasing rules
procps/top.c:977: warning: dereferencing type-punned pointer will break strict-aliasing rules
procps/top.c:977: warning: dereferencing type-punned pointer will break strict-aliasing rules
procps/top.c:984: warning: dereferencing type-punned pointer will break strict-aliasing rules
procps/top.c:984: warning: dereferencing type-punned pointer will break strict-aliasing rules
procps/top.c:1011: warning: dereferencing type-punned pointer will break strict-aliasing rules
procps/top.c:1018: warning: dereferencing type-punned pointer will break strict-aliasing rules
procps/top.c:1022: warning: dereferencing type-punned pointer will break strict-aliasing rules
procps/top.c:1024: warning: dereferencing type-punned pointer will break strict-aliasing rules
procps/top.c:1025: warning: dereferencing type-punned pointer will break strict-aliasing rules
procps/top.c:1038: warning: dereferencing type-punned pointer will break strict-aliasing rules
procps/top.c:1039: warning: dereferencing type-punned pointer will break strict-aliasing rules
procps/top.c:1040: warning: dereferencing type-punned pointer will break strict-aliasing rules
procps/top.c:1044: warning: dereferencing type-punned pointer will break strict-aliasing rules
procps/top.c:1045: warning: dereferencing type-punned pointer will break strict-aliasing rules
procps/top.c:1046: warning: dereferencing type-punned pointer will break strict-aliasing rules
procps/top.c:1051: warning: dereferencing type-punned pointer will break strict-aliasing rules
procps/top.c:1052: warning: dereferencing type-punned pointer will break strict-aliasing rules
procps/top.c:1053: warning: dereferencing type-punned pointer will break strict-aliasing rules
procps/top.c:1054: warning: dereferencing type-punned pointer will break strict-aliasing rules
procps/top.c:1054: warning: dereferencing type-punned pointer will break strict-aliasing rules
procps/top.c:1057: warning: dereferencing type-punned pointer will break strict-aliasing rules
procps/top.c:1063: warning: dereferencing type-punned pointer will break strict-aliasing rules
procps/top.c:1064: warning: dereferencing type-punned pointer will break strict-aliasing rules
procps/top.c:1065: warning: dereferencing type-punned pointer will break strict-aliasing rules
procps/top.c:1066: warning: dereferencing type-punned pointer will break strict-aliasing rules
procps/top.c:1066: warning: dereferencing type-punned pointer will break strict-aliasing rules
procps/top.c:1067: warning: dereferencing type-punned pointer will break strict-aliasing rules
procps/top.c:1067: warning: dereferencing type-punned pointer will break strict-aliasing rules
procps/top.c:1070: warning: dereferencing type-punned pointer will break strict-aliasing rules
procps/top.c:1070: warning: dereferencing type-punned pointer will break strict-aliasing rules
procps/top.c:1072: warning: dereferencing type-punned pointer will break strict-aliasing rules
procps/top.c:1073: warning: dereferencing type-punned pointer will break strict-aliasing rules
procps/top.c:1073: warning: dereferencing type-punned pointer will break strict-aliasing rules
  AR      procps/lib.a
  LD      runit/built-in.o
  AR      runit/lib.a
  LD      selinux/built-in.o
  AR      selinux/lib.a
  LD      shell/built-in.o
  CC      shell/cttyhack.o
  CC      shell/hush.o
  CC      shell/match.o
  CC      shell/random.o
  CC      shell/shell_common.o
  AR      shell/lib.a
  LD      sysklogd/built-in.o
  AR      sysklogd/lib.a
  LD      util-linux/built-in.o
  CC      util-linux/mdev.o
  CC      util-linux/mount.o
  CC      util-linux/umount.o
  AR      util-linux/lib.a
  LD      util-linux/volume_id/built-in.o
  AR      util-linux/volume_id/lib.a
  LINK    busybox_unstripped
Trying libraries: crypt m
 Library crypt is needed, can't exclude it (yet)
 Library m is not needed, excluding it
 Library crypt is needed, can't exclude it (yet)
Final link with: crypt
  DOC     busybox.pod
  DOC     BusyBox.txt
  DOC     BusyBox.1
  DOC     BusyBox.html
make[1]: Leaving directory `/rcu2/linux-cortexm-1.12.0-dev/A2F/busybox'
cp -f linux4feeserver_dhcp.initramfs /rcu2/linux-cortexm-1.12.0-dev/linux/initramfs-list-min
rm -f /rcu2/linux-cortexm-1.12.0-dev/linux/usr/initramfs_data.cpio \
		/rcu2/linux-cortexm-1.12.0-dev/linux/usr/initramfs_data.cpio.gz
cp -f linux4feeserver_dhcp.kernel.M2S /rcu2/linux-cortexm-1.12.0-dev/linux/.config
cp -f /rcu2/linux-cortexm-1.12.0-dev/linux/arch/arm/kernel/vmlinux.lds.S.good \
		/rcu2/linux-cortexm-1.12.0-dev/linux/arch/arm/kernel/vmlinux.lds.S
([ -e linux4feeserver_dhcp.lds.M2S ] && \
		cp -f linux4feeserver_dhcp.lds.M2S \
		/rcu2/linux-cortexm-1.12.0-dev/linux/arch/arm/kernel/vmlinux.lds.S) || \
	true;
make -C /rcu2/linux-cortexm-1.12.0-dev/linux uImage SAMPLE=linux4feeserver_dhcp
make[1]: Entering directory `/rcu2/linux-cortexm-1.12.0-dev/linux'
scripts/kconfig/conf -s arch/arm/Kconfig
make[1]: Leaving directory `/rcu2/linux-cortexm-1.12.0-dev/linux'
make[1]: Entering directory `/rcu2/linux-cortexm-1.12.0-dev/linux'
  CHK     include/linux/version.h
  CHK     include/generated/utsrelease.h
make[2]: `include/generated/mach-types.h' is up to date.
  CALL    scripts/checksyscalls.sh
<stdin>:46: warning: "__IGNORE_migrate_pages" redefined
/rcu2/linux-cortexm-1.12.0-dev/linux/arch/arm/include/asm/unistd.h:474: note: this is the location of the previous definition
  CHK     include/generated/compile.h
  GEN     usr/initramfs_data.cpio
  AS      usr/initramfs_data.o
  LD      usr/built-in.o
  LDS     arch/arm/kernel/vmlinux.lds
  LD      vmlinux.o
  MODPOST vmlinux.o
WARNING: modpost: Found 1 section mismatch(es).
To see full details build your kernel with:
'make CONFIG_DEBUG_SECTION_MISMATCH=y'
  GEN     .version
  CHK     include/generated/compile.h
  UPD     include/generated/compile.h
  CC      init/version.o
  LD      init/built-in.o
  LD      vmlinux
  SYSMAP  System.map
  OBJCOPY arch/arm/boot/Image
  Kernel: arch/arm/boot/Image is ready
  UIMAGE  arch/arm/boot/uImage
Image Name:   Linux-2.6.33-arm1
Created:      Mon Dec  8 15:55:58 2014
Image Type:   ARM Linux Kernel Image (uncompressed)
Data Size:    2693408 Bytes = 2630.28 kB = 2.57 MB
Load Address: a2008000
Entry Point:  a2008001
  Image arch/arm/boot/uImage is ready
make[1]: Leaving directory `/rcu2/linux-cortexm-1.12.0-dev/linux'
cp -f /rcu2/linux-cortexm-1.12.0-dev/linux/arch/arm/boot/uImage linux4feeserver_dhcp.uImage
rm -f .envm_log
(grep "CONFIG_KERNEL_IN_ENVM=y" linux4feeserver_dhcp.kernel.M2S > \
		.envm_log || true)
([ -s .envm_log ] && \
	(make -C /rcu2/linux-cortexm-1.12.0-dev/linux vImage SAMPLE=linux4feeserver_dhcp; \
	cp -f /rcu2/linux-cortexm-1.12.0-dev/linux/arch/arm/boot/vImage \
		linux4feeserver_dhcp.vImage)) || \
	true;
rm -f .envm_log
